Thu Aug 01 11:38:42 2019				Page     1


 
Update Symbols/Modules Logfile
	Thu Aug 01 11:38:42 2019

------ Module Refresh Messages ------

SUMMARY:    Updated 0 out of 0 modules

------ End Module Messages     ------



(---------------------------------------------------------------------)
(                                                                     )
(    Refresh Symbol                                                   )
(                                                                     )
(    Drawing          : OSCILLATOR.brd                                )
(    Software Version : 17.2P019                                      )
(    Date/Time        : Thu Aug 01 11:38:43 2019                      )
(                                                                     )
(---------------------------------------------------------------------)


Thu Aug 01 11:38:43 2019				Page     1


------ Symbol Refresh Directives ------

Input design  = 'C:/WORK_ORCAD/OSCILLATOR/allegro/OSCILLATOR.brd'
Output design = ''

Update mechanical symbols              = 'NO'
Update format symbols                  = 'NO'
Update package symbols                 = 'YES'
Update shape/flash symbols             = 'NO'
Update symbol padstacks                = 'NO'
Preserve padstacks replaced on pins    = 'NO'
Reset symbol text and size locations   = 'NO'
Reset Pin Escapes (fanouts)            = 'NO'
Ripup Etch                             = 'NO'
Reset custom drill data                = 'NO'


------ Library Paths ------
PSMPATH =  . 
           symbols 
           .. 
           ../symbols 
           C:/Cadence/SPB_17.2/share/local/pcb/symbols 
           C:/Cadence/SPB_17.2/share/pcb/pcb_lib/symbols 
           C:/Cadence/SPB_17.2/share/pcb/allegrolib/symbols 
           C:/Users/user/Desktop/vscode_orcad/workspace/pcb_lib/psm 

PADPATH =  . 
           symbols 
           .. 
           ../symbols 
           C:/Cadence/SPB_17.2/share/local/pcb/padstacks 
           C:/Cadence/SPB_17.2/share/pcb/pcb_lib/symbols 
           C:/Cadence/SPB_17.2/share/pcb/allegrolib/symbols 
           C:/Users/user/Desktop/vscode_orcad/workspace/pcb_lib/pad 


------ Symbol Refresh Messages ------

'JUMPER2'  symbol refreshed successfully.
'CAPCK06'  symbol refreshed successfully.
'RES400'  symbol refreshed successfully.
'JUMPER3'  symbol refreshed successfully.
'TO220AB'  symbol refreshed successfully.
'RESADJ'  symbol refreshed successfully.
'DIP8_3'  symbol refreshed successfully.


----- Symbol Update Summary ----

Updated symbols: 7 out 7
    Design updated.

